2018-11-12 10:49:36,197 - INFO - 程序启动
2018-11-12 10:51:08,013 - INFO - 程序启动
2018-11-12 10:51:36,268 - INFO - 程序启动
2018-11-12 10:53:45,200 - INFO - 程序启动
2018-11-12 10:53:45,200 - INFO - 开始读取配置文件信息
2018-11-12 10:53:45,201 - ERROR - Exception occurred, check the error.log to read the detail
2018-11-12 10:53:45,244 - ERROR - Exception occurred, check the error.log to read the detail
2018-11-12 10:53:45,246 - INFO - 配置文件信息读取完毕
2018-11-12 11:00:29,842 - INFO - 程序启动
2018-11-12 11:00:45,347 - INFO - 程序启动
2018-11-12 11:01:00,000 - INFO - 开始读取配置文件信息
2018-11-12 11:01:00,000 - ERROR - Exception occurred, check the error.log to read the detail
2018-11-12 11:01:00,015 - ERROR - Exception occurred, check the error.log to read the detail
2018-11-12 11:01:00,021 - INFO - 配置文件信息读取完毕
2018-11-12 11:02:48,190 - INFO - 程序启动
2018-11-12 11:02:48,190 - INFO - 开始读取配置文件信息
2018-11-12 11:02:48,191 - ERROR - Exception occurred, check the error.log to read the detail
2018-11-12 11:02:48,194 - ERROR - Exception occurred, check the error.log to read the detail
2018-11-12 11:02:48,196 - INFO - 配置文件信息读取完毕
2018-11-12 11:02:55,047 - INFO - 程序启动
2018-11-12 11:03:08,421 - INFO - 程序启动
2018-11-12 11:03:08,421 - INFO - 开始读取配置文件信息
2018-11-12 11:03:08,421 - ERROR - Exception occurred, check the error.log to read the detail
2018-11-12 11:03:08,424 - ERROR - Exception occurred, check the error.log to read the detail
2018-11-12 11:03:08,426 - INFO - 配置文件信息读取完毕
2018-11-12 11:03:30,867 - INFO - 程序启动
2018-11-12 11:03:35,219 - INFO - 开始读取配置文件信息
2018-11-12 11:03:35,220 - ERROR - Exception occurred, check the error.log to read the detail
2018-11-12 11:03:35,226 - ERROR - Exception occurred, check the error.log to read the detail
2018-11-12 11:03:35,229 - INFO - 配置文件信息读取完毕
2018-11-12 11:04:49,069 - INFO - 程序启动
2018-11-12 11:04:49,069 - INFO - 开始读取配置文件信息
2018-11-12 11:06:35,100 - INFO - 程序启动
2018-11-12 11:06:43,662 - INFO - 程序启动
2018-11-12 11:06:43,662 - INFO - 开始读取配置文件信息
2018-11-12 11:08:20,386 - INFO - 程序启动
2018-11-12 11:08:27,309 - INFO - 程序启动
2018-11-12 11:08:27,309 - INFO - 开始读取配置文件信息
2018-11-12 11:08:27,310 - INFO - 配置文件载入完成
2018-11-12 11:08:27,310 - INFO - 启动浏览器
2018-11-12 11:08:42,273 - INFO - 浏览器窗口最大化
2018-11-12 11:08:44,361 - INFO - 进入登录网页
2018-11-12 11:08:44,403 - INFO - 连接数据库完成
2018-11-12 11:08:44,405 - INFO - 与数据库断开连接
2018-11-12 11:08:45,709 - INFO - 输入用户名完成
2018-11-12 11:08:46,959 - INFO - 输入密码完成
2018-11-12 11:08:46,998 - INFO - 寻找验证码及确定图片大小完成
2018-11-12 11:08:47,515 - INFO - 全屏截图并保存图片
2018-11-12 11:08:48,416 - INFO - 在截取的全屏图片中截取验证码图片
2018-11-12 11:08:51,060 - INFO - 验证码识别完成
2018-11-12 11:08:51,127 - INFO - 输入验证码完成
2018-11-12 11:08:51,213 - INFO - 登录成功
2018-11-12 11:09:02,808 - INFO - 进入查询页面
2018-11-12 11:09:06,919 - INFO - 读取流量信息完成
2018-11-12 11:09:07,986 - INFO - 准备注销账号
2018-11-12 11:09:09,200 - INFO - 账号注销完成
2018-11-12 11:09:09,439 - INFO - 标签页已关闭
2018-11-12 11:09:10,461 - INFO - 连接数据库完成
2018-11-12 11:09:10,506 - INFO - 数据插入完成
2018-11-12 11:09:10,507 - INFO - 与数据库断开连接
2018-11-12 11:09:15,610 - INFO - 输入用户名完成
2018-11-12 11:09:27,633 - ERROR - Exception occurred, check the error.log to read the detail
2018-11-12 11:09:39,711 - ERROR - Exception occurred when find the position of verification code
2018-11-12 11:09:51,739 - ERROR - Exception occurred when input the verification code
2018-11-12 11:10:03,756 - ERROR - Exception occurred, check the error.log to read the detail
2018-11-12 11:21:36,149 - INFO - 程序启动
2018-11-12 11:21:36,149 - INFO - 开始读取配置文件信息
2018-11-12 11:21:36,150 - INFO - 配置文件载入完成
2018-11-12 11:21:36,150 - INFO - 启动浏览器
2018-11-12 11:21:46,823 - INFO - 浏览器窗口最大化
2018-11-12 11:21:49,242 - INFO - 进入登录网页
2018-11-12 11:21:49,245 - INFO - 连接数据库完成
2018-11-12 11:21:49,247 - INFO - 与数据库断开连接
2018-11-12 11:21:50,355 - INFO - 输入用户名完成
2018-11-12 11:21:51,427 - INFO - 输入密码完成
2018-11-12 11:21:51,457 - INFO - 寻找验证码及确定图片大小完成
2018-11-12 11:21:51,944 - INFO - 全屏截图并保存图片
2018-11-12 11:21:51,995 - INFO - 在截取的全屏图片中截取验证码图片
2018-11-12 11:21:52,322 - INFO - 验证码识别完成
2018-11-12 11:21:52,397 - INFO - 输入验证码完成
2018-11-12 11:21:52,456 - INFO - 登录成功
2018-11-12 11:22:02,943 - INFO - 进入查询页面
2018-11-12 11:22:07,045 - INFO - 读取流量信息完成
2018-11-12 11:22:08,109 - INFO - 准备注销账号
2018-11-12 11:22:09,273 - INFO - 账号注销完成
2018-11-12 11:22:09,389 - INFO - 标签页已关闭
2018-11-12 11:22:10,413 - INFO - 连接数据库完成
2018-11-12 11:22:10,442 - INFO - 数据插入完成
2018-11-12 11:22:10,443 - INFO - 与数据库断开连接
2018-11-12 11:22:15,535 - INFO - 输入用户名完成
2018-11-12 11:22:16,612 - INFO - 输入密码完成
2018-11-12 11:22:16,649 - INFO - 寻找验证码及确定图片大小完成
2018-11-12 11:22:17,133 - INFO - 全屏截图并保存图片
2018-11-12 11:22:17,169 - INFO - 在截取的全屏图片中截取验证码图片
2018-11-12 11:22:17,437 - INFO - 验证码识别完成
2018-11-12 11:22:17,514 - INFO - 输入验证码完成
2018-11-12 11:22:17,573 - INFO - 登录成功
2018-11-12 11:22:18,585 - ERROR - Exception occurred, check the error.log to read the detail
